0 info it worked if it ends with ok
1 verbose cli [ '/usr/bin/node', '/usr/bin/npm', 'run', 'gql-server' ]
2 info using npm@3.5.2
3 info using node@v8.10.0
4 verbose run-script [ 'pregql-server', 'gql-server', 'postgql-server' ]
5 info lifecycle apollo-rest@1.0.0~pregql-server: apollo-rest@1.0.0
6 silly lifecycle apollo-rest@1.0.0~pregql-server: no script for pregql-server, continuing
7 info lifecycle apollo-rest@1.0.0~gql-server: apollo-rest@1.0.0
8 verbose lifecycle apollo-rest@1.0.0~gql-server: unsafe-perm in lifecycle true
9 verbose lifecycle apollo-rest@1.0.0~gql-server: PATH: /usr/share/npm/bin/node-gyp-bin:/home/adrien/Projects/apollo-rest/node_modules/.bin:/usr/local/sbin:/usr/local/bin:/usr/sbin:/usr/bin:/sbin:/bin:/usr/games:/usr/local/games:/snap/bin:/usr/lib/jvm/java-8-oracle/bin:/usr/lib/jvm/java-8-oracle/db/bin:/usr/lib/jvm/java-8-oracle/jre/bin
10 verbose lifecycle apollo-rest@1.0.0~gql-server: CWD: /home/adrien/Projects/apollo-rest
11 silly lifecycle apollo-rest@1.0.0~gql-server: Args: [ '-c', 'node -r esm petclinic-gql-server.js' ]
12 silly lifecycle apollo-rest@1.0.0~gql-server: Returned: code: 1  signal: null
13 info lifecycle apollo-rest@1.0.0~gql-server: Failed to exec gql-server script
14 verbose stack Error: apollo-rest@1.0.0 gql-server: `node -r esm petclinic-gql-server.js`
14 verbose stack Exit status 1
14 verbose stack     at EventEmitter.<anonymous> (/usr/share/npm/lib/utils/lifecycle.js:232:16)
14 verbose stack     at emitTwo (events.js:126:13)
14 verbose stack     at EventEmitter.emit (events.js:214:7)
14 verbose stack     at ChildProcess.<anonymous> (/usr/share/npm/lib/utils/spawn.js:24:14)
14 verbose stack     at emitTwo (events.js:126:13)
14 verbose stack     at ChildProcess.emit (events.js:214:7)
14 verbose stack     at maybeClose (internal/child_process.js:925:16)
14 verbose stack     at Process.ChildProcess._handle.onexit (internal/child_process.js:209:5)
15 verbose pkgid apollo-rest@1.0.0
16 verbose cwd /home/adrien/Projects/apollo-rest
17 error Linux 5.0.0-32-generic
18 error argv "/usr/bin/node" "/usr/bin/npm" "run" "gql-server"
19 error node v8.10.0
20 error npm  v3.5.2
21 error code ELIFECYCLE
22 error apollo-rest@1.0.0 gql-server: `node -r esm petclinic-gql-server.js`
22 error Exit status 1
23 error Failed at the apollo-rest@1.0.0 gql-server script 'node -r esm petclinic-gql-server.js'.
23 error Make sure you have the latest version of node.js and npm installed.
23 error If you do, this is most likely a problem with the apollo-rest package,
23 error not with npm itself.
23 error Tell the author that this fails on your system:
23 error     node -r esm petclinic-gql-server.js
23 error You can get information on how to open an issue for this project with:
23 error     npm bugs apollo-rest
23 error Or if that isn't available, you can get their info via:
23 error     npm owner ls apollo-rest
23 error There is likely additional logging output above.
24 verbose exit [ 1, true ]
